\BOOKMARK [1][-]{section.1}{\376\377\000I\000n\000t\000r\000o\000d\000u\000c\000t\000i\000o\000n}{}% 1
\BOOKMARK [2][-]{subsection.1.1}{\376\377\000B\000a\000c\000k\000g\000r\000o\000u\000n\000d\000\040\000a\000n\000d\000\040\000M\000o\000t\000i\000v\000a\000t\000i\000o\000n}{section.1}% 2
\BOOKMARK [2][-]{subsection.1.2}{\376\377\000D\000u\000a\000l\000-\000E\000x\000e\000c\000u\000t\000i\000o\000n\000\040\000A\000r\000c\000h\000i\000t\000e\000c\000t\000u\000r\000e}{section.1}% 3
\BOOKMARK [2][-]{subsection.1.3}{\376\377\000D\000e\000s\000i\000g\000n\000\040\000P\000r\000i\000n\000c\000i\000p\000l\000e\000s}{section.1}% 4
\BOOKMARK [2][-]{subsection.1.4}{\376\377\000D\000o\000c\000u\000m\000e\000n\000t\000\040\000S\000c\000o\000p\000e}{section.1}% 5
\BOOKMARK [1][-]{section.2}{\376\377\000S\000y\000s\000t\000e\000m\000\040\000A\000r\000c\000h\000i\000t\000e\000c\000t\000u\000r\000e}{}% 6
\BOOKMARK [2][-]{subsection.2.1}{\376\377\000L\000a\000y\000e\000r\000e\000d\000\040\000M\000o\000d\000e\000l}{section.2}% 7
\BOOKMARK [3][-]{subsubsection.2.1.1}{\376\377\000L\000a\000y\000e\000r\000\040\0001\000:\000\040\000G\000u\000e\000s\000t\000\040\000P\000r\000o\000g\000r\000a\000m\000s}{subsection.2.1}% 8
\BOOKMARK [3][-]{subsubsection.2.1.2}{\376\377\000L\000a\000y\000e\000r\000\040\0002\000:\000\040\000P\000o\000l\000k\000a\000V\000M\000\040\000R\000u\000n\000t\000i\000m\000e}{subsection.2.1}% 9
\BOOKMARK [3][-]{subsubsection.2.1.3}{\376\377\000L\000a\000y\000e\000r\000\040\0003\000:\000\040\000H\000o\000s\000t\000\040\000B\000r\000i\000d\000g\000e}{subsection.2.1}% 10
\BOOKMARK [3][-]{subsubsection.2.1.4}{\376\377\000L\000a\000y\000e\000r\000\040\0004\000:\000\040\000A\000p\000p\000l\000i\000c\000a\000t\000i\000o\000n\000\040\000E\000n\000g\000i\000n\000e}{subsection.2.1}% 11
\BOOKMARK [2][-]{subsection.2.2}{\376\377\000E\000x\000e\000c\000u\000t\000i\000o\000n\000\040\000F\000l\000o\000w}{section.2}% 12
\BOOKMARK [2][-]{subsection.2.3}{\376\377\000W\000i\000r\000e\000\040\000P\000r\000o\000t\000o\000c\000o\000l}{section.2}% 13
\BOOKMARK [1][-]{section.3}{\376\377\000C\000o\000n\000t\000r\000a\000c\000t\000\040\000T\000y\000p\000e\000\040\000S\000y\000s\000t\000e\000m}{}% 14
\BOOKMARK [2][-]{subsection.3.1}{\376\377\000C\000o\000n\000t\000r\000a\000c\000t\000T\000y\000p\000e\000\040\000E\000n\000u\000m\000e\000r\000a\000t\000i\000o\000n}{section.3}% 15
\BOOKMARK [2][-]{subsection.3.2}{\376\377\000C\000o\000n\000t\000r\000a\000c\000t\000S\000t\000a\000t\000e\000\040\000E\000x\000t\000e\000n\000s\000i\000o\000n}{section.3}% 16
\BOOKMARK [2][-]{subsection.3.3}{\376\377\000B\000i\000n\000a\000r\000y\000\040\000F\000o\000r\000m\000a\000t\000\040\000D\000e\000t\000e\000c\000t\000i\000o\000n}{section.3}% 17
\BOOKMARK [2][-]{subsection.3.4}{\376\377\000S\000e\000r\000i\000a\000l\000i\000z\000a\000t\000i\000o\000n}{section.3}% 18
\BOOKMARK [3][-]{subsubsection.3.4.1}{\376\377\000S\000t\000a\000c\000k\000I\000t\000e\000m\000\040\000R\000e\000p\000r\000e\000s\000e\000n\000t\000a\000t\000i\000o\000n}{subsection.3.4}% 19
\BOOKMARK [3][-]{subsubsection.3.4.2}{\376\377\000B\000a\000c\000k\000w\000a\000r\000d\000-\000C\000o\000m\000p\000a\000t\000i\000b\000l\000e\000\040\000D\000e\000s\000e\000r\000i\000a\000l\000i\000z\000a\000t\000i\000o\000n}{subsection.3.4}% 20
\BOOKMARK [3][-]{subsubsection.3.4.3}{\376\377\000J\000S\000O\000N\000\040\000R\000e\000p\000r\000e\000s\000e\000n\000t\000a\000t\000i\000o\000n}{subsection.3.4}% 21
\BOOKMARK [2][-]{subsection.3.5}{\376\377\000D\000e\000t\000e\000r\000m\000i\000n\000i\000s\000t\000i\000c\000\040\000H\000a\000s\000h}{section.3}% 22
\BOOKMARK [1][-]{section.4}{\376\377\000D\000e\000p\000l\000o\000y\000m\000e\000n\000t\000\040\000M\000o\000d\000e\000l}{}% 23
\BOOKMARK [2][-]{subsection.4.1}{\376\377\000D\000e\000p\000l\000o\000y\000\040\000A\000l\000g\000o\000r\000i\000t\000h\000m}{section.4}% 24
\BOOKMARK [2][-]{subsection.4.2}{\376\377\000U\000p\000d\000a\000t\000e\000\040\000A\000l\000g\000o\000r\000i\000t\000h\000m}{section.4}% 25
\BOOKMARK [2][-]{subsection.4.3}{\376\377\000M\000a\000n\000i\000f\000e\000s\000t\000\040\000F\000o\000r\000m\000a\000t}{section.4}% 26
\BOOKMARK [1][-]{section.5}{\376\377\000I\000n\000v\000o\000c\000a\000t\000i\000o\000n\000\040\000M\000o\000d\000e\000l}{}% 27
\BOOKMARK [2][-]{subsection.5.1}{\376\377\000S\000y\000s\000t\000e\000m\000.\000C\000o\000n\000t\000r\000a\000c\000t\000.\000C\000a\000l\000l\000\040\000D\000i\000s\000p\000a\000t\000c\000h}{section.5}% 28
\BOOKMARK [2][-]{subsection.5.2}{\376\377\000C\000a\000l\000l\000F\000l\000a\000g\000s\000\040\000E\000n\000f\000o\000r\000c\000e\000m\000e\000n\000t}{section.5}% 29
\BOOKMARK [2][-]{subsection.5.3}{\376\377\000C\000r\000o\000s\000s\000-\000C\000o\000n\000t\000r\000a\000c\000t\000\040\000C\000a\000l\000l\000s}{section.5}% 30
\BOOKMARK [1][-]{section.6}{\376\377\000S\000Y\000S\000C\000A\000L\000L\000\040\000I\000n\000t\000e\000r\000f\000a\000c\000e}{}% 31
\BOOKMARK [2][-]{subsection.6.1}{\376\377\000S\000y\000s\000t\000e\000m\000.\000R\000u\000n\000t\000i\000m\000e\000\040\000\050\0001\0009\000\040\000c\000a\000l\000l\000s\000\051}{section.6}% 32
\BOOKMARK [2][-]{subsection.6.2}{\376\377\000S\000y\000s\000t\000e\000m\000.\000S\000t\000o\000r\000a\000g\000e\000\040\000\050\0001\0002\000\040\000c\000a\000l\000l\000s\000\051}{section.6}% 33
\BOOKMARK [2][-]{subsection.6.3}{\376\377\000S\000y\000s\000t\000e\000m\000.\000C\000o\000n\000t\000r\000a\000c\000t\000\040\000\050\0007\000\040\000c\000a\000l\000l\000s\000\051}{section.6}% 34
\BOOKMARK [2][-]{subsection.6.4}{\376\377\000S\000y\000s\000t\000e\000m\000.\000C\000r\000y\000p\000t\000o\000\040\000\050\0002\000\040\000c\000a\000l\000l\000s\000\051}{section.6}% 35
\BOOKMARK [2][-]{subsection.6.5}{\376\377\000S\000y\000s\000t\000e\000m\000.\000I\000t\000e\000r\000a\000t\000o\000r\000\040\000\050\0002\000\040\000c\000a\000l\000l\000s\000\051}{section.6}% 36
\BOOKMARK [1][-]{section.7}{\376\377\000G\000a\000s\000\040\000M\000e\000t\000e\000r\000i\000n\000g}{}% 37
\BOOKMARK [2][-]{subsection.7.1}{\376\377\000O\000p\000c\000o\000d\000e\000\040\000P\000r\000i\000c\000i\000n\000g}{section.7}% 38
\BOOKMARK [2][-]{subsection.7.2}{\376\377\000D\000a\000t\000o\000s\000h\000i\000\040\000C\000o\000n\000v\000e\000r\000s\000i\000o\000n}{section.7}% 39
\BOOKMARK [2][-]{subsection.7.3}{\376\377\000E\000n\000f\000o\000r\000c\000e\000m\000e\000n\000t\000\040\000A\000l\000g\000o\000r\000i\000t\000h\000m}{section.7}% 40
\BOOKMARK [1][-]{section.8}{\376\377\000S\000t\000o\000r\000a\000g\000e\000\040\000M\000o\000d\000e\000l}{}% 41
\BOOKMARK [2][-]{subsection.8.1}{\376\377\000S\000t\000o\000r\000a\000g\000e\000\040\000N\000a\000m\000e\000s\000p\000a\000c\000e}{section.8}% 42
\BOOKMARK [2][-]{subsection.8.2}{\376\377\000L\000o\000c\000a\000l\000\040\000S\000t\000o\000r\000a\000g\000e}{section.8}% 43
\BOOKMARK [2][-]{subsection.8.3}{\376\377\000S\000t\000o\000r\000a\000g\000e\000\040\000I\000t\000e\000r\000a\000t\000o\000r\000s}{section.8}% 44
\BOOKMARK [1][-]{section.9}{\376\377\000S\000e\000c\000u\000r\000i\000t\000y\000\040\000M\000o\000d\000e\000l}{}% 45
\BOOKMARK [2][-]{subsection.9.1}{\376\377\000S\000a\000n\000d\000b\000o\000x\000\040\000I\000s\000o\000l\000a\000t\000i\000o\000n}{section.9}% 46
\BOOKMARK [2][-]{subsection.9.2}{\376\377\000G\000a\000s\000\040\000a\000s\000\040\000U\000n\000i\000v\000e\000r\000s\000a\000l\000\040\000R\000e\000s\000o\000u\000r\000c\000e\000\040\000L\000i\000m\000i\000t}{section.9}% 47
\BOOKMARK [2][-]{subsection.9.3}{\376\377\000F\000a\000u\000l\000t\000\040\000H\000a\000n\000d\000l\000i\000n\000g}{section.9}% 48
\BOOKMARK [1][-]{section.10}{\376\377\000T\000r\000a\000n\000s\000a\000c\000t\000i\000o\000n\000\040\000M\000o\000d\000e\000l\000\040\000C\000o\000m\000p\000a\000t\000i\000b\000i\000l\000i\000t\000y}{}% 49
\BOOKMARK [2][-]{subsection.10.1}{\376\377\000S\000i\000g\000n\000e\000r\000s}{section.10}% 50
\BOOKMARK [2][-]{subsection.10.2}{\376\377\000W\000i\000t\000n\000e\000s\000s\000\040\000V\000e\000r\000i\000f\000i\000c\000a\000t\000i\000o\000n}{section.10}% 51
\BOOKMARK [1][-]{section.11}{\376\377\000N\000E\000F\000\040\000F\000o\000r\000m\000a\000t}{}% 52
\BOOKMARK [1][-]{section.12}{\376\377\000N\000a\000t\000i\000v\000e\000\040\000C\000o\000n\000t\000r\000a\000c\000t\000\040\000C\000o\000m\000p\000a\000t\000i\000b\000i\000l\000i\000t\000y}{}% 53
\BOOKMARK [1][-]{section.13}{\376\377\000N\000o\000t\000i\000f\000i\000c\000a\000t\000i\000o\000n\000\040\000a\000n\000d\000\040\000E\000v\000e\000n\000t\000\040\000S\000y\000s\000t\000e\000m}{}% 54
\BOOKMARK [1][-]{section.14}{\376\377\000I\000m\000p\000l\000e\000m\000e\000n\000t\000a\000t\000i\000o\000n}{}% 55
\BOOKMARK [2][-]{subsection.14.1}{\376\377\000R\000u\000s\000t\000\040\000C\000o\000m\000p\000o\000n\000e\000n\000t\000s}{section.14}% 56
\BOOKMARK [2][-]{subsection.14.2}{\376\377\000C\000\043\000\040\000C\000o\000m\000p\000o\000n\000e\000n\000t\000s}{section.14}% 57
\BOOKMARK [2][-]{subsection.14.3}{\376\377\000T\000e\000s\000t\000\040\000C\000o\000v\000e\000r\000a\000g\000e}{section.14}% 58
\BOOKMARK [1][-]{section.15}{\376\377\000B\000a\000c\000k\000w\000a\000r\000d\000\040\000C\000o\000m\000p\000a\000t\000i\000b\000i\000l\000i\000t\000y}{}% 59
\BOOKMARK [1][-]{section.16}{\376\377\000M\000i\000g\000r\000a\000t\000i\000o\000n\000\040\000P\000a\000t\000h}{}% 60
\BOOKMARK [1][-]{section.17}{\376\377\000C\000o\000n\000c\000l\000u\000s\000i\000o\000n}{}% 61
